<?xml version="1.0" encoding="UTF-8"?>
<testng-results skipped="0" failed="0" ignored="0" total="3" passed="3">
  <reporter-output>
  </reporter-output>
  <suite name="Suite" duration-ms="10345" started-at="2022-02-08T15:06:39Z" finished-at="2022-02-08T15:06:50Z">
    <groups>
    </groups>
    <test name="test" duration-ms="7" started-at="2022-02-08T15:06:39Z" finished-at="2022-02-08T15:06:39Z">
    </test> <!-- test -->
    <test name="test2" duration-ms="6513" started-at="2022-02-08T15:06:39Z" finished-at="2022-02-08T15:06:46Z">
      <class name="Academy.E2Eflow.Validatingtitle">
        <test-method status="PASS" signature="reportconfig()[pri:0, instance:Academy.E2Eflow.Validatingtitle@7d446ed1]" name="reportconfig" is-config="true" duration-ms="15" started-at="2022-02-08T15:06:39Z" finished-at="2022-02-08T15:06:39Z">
          <reporter-output>
          </reporter-output>
        </test-method> <!-- reportconfig -->
        <test-method status="PASS" signature="test2()[pri:0, instance:Academy.E2Eflow.Validatingtitle@7d446ed1]" name="test2" duration-ms="6318" started-at="2022-02-08T15:06:39Z" finished-at="2022-02-08T15:06:46Z">
          <reporter-output>
          </reporter-output>
        </test-method> <!-- test2 -->
        <test-method status="PASS" signature="closebrowser()[pri:0, instance:Academy.E2Eflow.Validatingtitle@7d446ed1]" name="closebrowser" is-config="true" duration-ms="134" started-at="2022-02-08T15:06:46Z" finished-at="2022-02-08T15:06:46Z">
          <reporter-output>
          </reporter-output>
        </test-method> <!-- closebrowser -->
      </class> <!-- Academy.E2Eflow.Validatingtitle -->
    </test> <!-- test2 -->
    <test name="test1" duration-ms="10344" started-at="2022-02-08T15:06:39Z" finished-at="2022-02-08T15:06:50Z">
      <class name="Academy.E2Eflow.homepage">
        <test-method status="PASS" signature="initialize()[pri:0, instance:Academy.E2Eflow.homepage@36cda2c2]" name="initialize" is-config="true" duration-ms="1789" started-at="2022-02-08T15:06:39Z" finished-at="2022-02-08T15:06:41Z">
          <reporter-output>
          </reporter-output>
        </test-method> <!-- initialize -->
        <test-method status="PASS" signature="test1(java.lang.String, java.lang.String, java.lang.String)[pri:0, instance:Academy.E2Eflow.homepage@36cda2c2]" name="test1" duration-ms="5813" started-at="2022-02-08T15:06:41Z" data-provider="getdata" finished-at="2022-02-08T15:06:47Z">
          <params>
            <param index="0">
              <value>
                <![CDATA[norestricteduser@gm.com]]>
              </value>
            </param>
            <param index="1">
              <value>
                <![CDATA[pwdrrr]]>
              </value>
            </param>
            <param index="2">
              <value>
                <![CDATA[Restricted user]]>
              </value>
            </param>
          </params>
          <reporter-output>
          </reporter-output>
        </test-method> <!-- test1 -->
        <test-method status="PASS" signature="test1(java.lang.String, java.lang.String, java.lang.String)[pri:0, instance:Academy.E2Eflow.homepage@36cda2c2]" name="test1" duration-ms="2592" started-at="2022-02-08T15:06:47Z" data-provider="getdata" finished-at="2022-02-08T15:06:49Z">
          <params>
            <param index="0">
              <value>
                <![CDATA[restricteduser@gm.com]]>
              </value>
            </param>
            <param index="1">
              <value>
                <![CDATA[pwdsse]]>
              </value>
            </param>
            <param index="2">
              <value>
                <![CDATA[Non Restricted user]]>
              </value>
            </param>
          </params>
          <reporter-output>
          </reporter-output>
        </test-method> <!-- test1 -->
        <test-method status="PASS" signature="closebrowser()[pri:0, instance:Academy.E2Eflow.homepage@36cda2c2]" name="closebrowser" is-config="true" duration-ms="143" started-at="2022-02-08T15:06:49Z" finished-at="2022-02-08T15:06:50Z">
          <reporter-output>
          </reporter-output>
        </test-method> <!-- closebrowser -->
      </class> <!-- Academy.E2Eflow.homepage -->
    </test> <!-- test1 -->
  </suite> <!-- Suite -->
</testng-results>
